<?xml version="1.0" encoding="UTF-8"?>
<testsuite xmlns:xsi="http://www.w3.org/2001/XMLSchema-instance" xsi:noNamespaceSchemaLocation="https://maven.apache.org/surefire/maven-surefire-plugin/xsd/surefire-test-report.xsd" name="com.seaboyz.AppTest" time="0.051" tests="1" errors="0" skipped="0" failures="0">
  <properties>
    <property name="gopherProxySet" value="false"/>
    <property name="awt.toolkit" value="sun.lwawt.macosx.LWCToolkit"/>
    <property name="file.encoding.pkg" value="sun.io"/>
    <property name="java.specification.version" value="1.8"/>
    <property name="sun.cpu.isalist" value=""/>
    <property name="sun.jnu.encoding" value="UTF-8"/>
    <property name="java.class.path" value="/Users/qianggao/Desktop/JDBC/target/test-classes:/Users/qianggao/Desktop/JDBC/target/classes:/Users/qianggao/.m2/repository/junit/junit/4.11/junit-4.11.jar:/Users/qianggao/.m2/repository/org/hamcrest/hamcrest-core/1.3/hamcrest-core-1.3.jar:"/>
    <property name="java.vm.vendor" value="Temurin"/>
    <property name="sun.arch.data.model" value="64"/>
    <property name="java.vendor.url" value="https://adoptium.net/"/>
    <property name="user.timezone" value=""/>
    <property name="java.vm.specification.version" value="1.8"/>
    <property name="os.name" value="Mac OS X"/>
    <property name="user.country" value="US"/>
    <property name="sun.java.launcher" value="SUN_STANDARD"/>
    <property name="sun.boot.library.path" value="/Users/qianggao/Library/Java/JavaVirtualMachines/temurin-1.8.0_322/Contents/Home/jre/lib"/>
    <property name="sun.java.command" value="/Users/qianggao/Desktop/JDBC/target/surefire/surefirebooter5631417900729515264.jar /Users/qianggao/Desktop/JDBC/target/surefire 2022-04-11T15-28-01_558-jvmRun1 surefire3717296620324779597tmp surefire_0676345255056767160tmp"/>
    <property name="http.nonProxyHosts" value="local|*.local|169.254/16|*.169.254/16"/>
    <property name="surefire.test.class.path" value="/Users/qianggao/Desktop/JDBC/target/test-classes:/Users/qianggao/Desktop/JDBC/target/classes:/Users/qianggao/.m2/repository/junit/junit/4.11/junit-4.11.jar:/Users/qianggao/.m2/repository/org/hamcrest/hamcrest-core/1.3/hamcrest-core-1.3.jar:"/>
    <property name="sun.cpu.endian" value="little"/>
    <property name="user.home" value="/Users/qianggao"/>
    <property name="user.language" value="en"/>
    <property name="java.specification.vendor" value="Oracle Corporation"/>
    <property name="java.home" value="/Users/qianggao/Library/Java/JavaVirtualMachines/temurin-1.8.0_322/Contents/Home/jre"/>
    <property name="basedir" value="/Users/qianggao/Desktop/JDBC"/>
    <property name="file.separator" value="/"/>
    <property name="line.separator" value="&#10;"/>
    <property name="java.vm.specification.vendor" value="Oracle Corporation"/>
    <property name="java.specification.name" value="Java Platform API Specification"/>
    <property name="java.awt.graphicsenv" value="sun.awt.CGraphicsEnvironment"/>
    <property name="surefire.real.class.path" value="/Users/qianggao/Desktop/JDBC/target/surefire/surefirebooter5631417900729515264.jar"/>
    <property name="sun.boot.class.path" value="/Users/qianggao/Library/Java/JavaVirtualMachines/temurin-1.8.0_322/Contents/Home/jre/lib/resources.jar:/Users/qianggao/Library/Java/JavaVirtualMachines/temurin-1.8.0_322/Contents/Home/jre/lib/rt.jar:/Users/qianggao/Library/Java/JavaVirtualMachines/temurin-1.8.0_322/Contents/Home/jre/lib/sunrsasign.jar:/Users/qianggao/Library/Java/JavaVirtualMachines/temurin-1.8.0_322/Contents/Home/jre/lib/jsse.jar:/Users/qianggao/Library/Java/JavaVirtualMachines/temurin-1.8.0_322/Contents/Home/jre/lib/jce.jar:/Users/qianggao/Library/Java/JavaVirtualMachines/temurin-1.8.0_322/Contents/Home/jre/lib/charsets.jar:/Users/qianggao/Library/Java/JavaVirtualMachines/temurin-1.8.0_322/Contents/Home/jre/lib/jfr.jar:/Users/qianggao/Library/Java/JavaVirtualMachines/temurin-1.8.0_322/Contents/Home/jre/classes"/>
    <property name="sun.management.compiler" value="HotSpot 64-Bit Tiered Compilers"/>
    <property name="ftp.nonProxyHosts" value="local|*.local|169.254/16|*.169.254/16"/>
    <property name="java.runtime.version" value="1.8.0_322-b06"/>
    <property name="user.name" value="qianggao"/>
    <property name="path.separator" value=":"/>
    <property name="os.version" value="10.16"/>
    <property name="java.endorsed.dirs" value="/Users/qianggao/Library/Java/JavaVirtualMachines/temurin-1.8.0_322/Contents/Home/jre/lib/endorsed"/>
    <property name="java.runtime.name" value="OpenJDK Runtime Environment"/>
    <property name="file.encoding" value="UTF-8"/>
    <property name="java.vm.name" value="OpenJDK 64-Bit Server VM"/>
    <property name="localRepository" value="/Users/qianggao/.m2/repository"/>
    <property name="java.vendor.url.bug" value="https://github.com/adoptium/adoptium-support/issues"/>
    <property name="java.io.tmpdir" value="/var/folders/0_/b8jrsh4d70b9fq_jx6q4bs_m0000gn/T/"/>
    <property name="java.version" value="1.8.0_322"/>
    <property name="user.dir" value="/Users/qianggao/Desktop/JDBC"/>
    <property name="os.arch" value="x86_64"/>
    <property name="java.vm.specification.name" value="Java Virtual Machine Specification"/>
    <property name="java.awt.printerjob" value="sun.lwawt.macosx.CPrinterJob"/>
    <property name="sun.os.patch.level" value="unknown"/>
    <property name="java.library.path" value="/Users/qianggao/Library/Java/Extensions:/Library/Java/Extensions:/Network/Library/Java/Extensions:/System/Library/Java/Extensions:/usr/lib/java:."/>
    <property name="java.vm.info" value="mixed mode"/>
    <property name="java.vendor" value="Temurin"/>
    <property name="java.vm.version" value="25.322-b06"/>
    <property name="java.ext.dirs" value="/Users/qianggao/Library/Java/Extensions:/Users/qianggao/Library/Java/JavaVirtualMachines/temurin-1.8.0_322/Contents/Home/jre/lib/ext:/Library/Java/Extensions:/Network/Library/Java/Extensions:/System/Library/Java/Extensions:/usr/lib/java"/>
    <property name="sun.io.unicode.encoding" value="UnicodeBig"/>
    <property name="java.class.version" value="52.0"/>
    <property name="socksNonProxyHosts" value="local|*.local|169.254/16|*.169.254/16"/>
  </properties>
  <testcase name="shouldAnswerWithTrue" classname="com.seaboyz.AppTest" time="0.003"/>
</testsuite>